<?xml version="1.0" encoding="UTF-8"?>
<coverage generated="1604862158828" clover="3.2.0">
  <project timestamp="1604862158828" name="All files">
    <metrics statements="7" coveredstatements="6" conditionals="0" coveredconditionals="0" methods="5" coveredmethods="4" elements="12" coveredelements="10" complexity="0" loc="7" ncloc="7" packages="1" files="1" classes="1"/>
    <file name="App.vue" path="D:\code\vue\vue-product-coding-challenge\src\App.vue">
      <metrics statements="7" coveredstatements="6" conditionals="0" coveredconditionals="0" methods="5" coveredmethods="4"/>
      <line num="67" count="1" type="stmt"/>
      <line num="72" count="4" type="stmt"/>
      <line num="80" count="4" type="stmt"/>
      <line num="83" count="4" type="stmt"/>
      <line num="86" count="0" type="stmt"/>
      <line num="91" count="2" type="stmt"/>
      <line num="92" count="2" type="stmt"/>
    </file>
  </project>
</coverage>
