{"D:\\code\\vue\\vue-product-coding-challenge\\src\\App.vue": {"path":"D:\\code\\vue\\vue-product-coding-challenge\\src\\App.vue","statementMap":{"0":{"start":{"line":67,"column":0},"end":{"line":67,"column":null}},"1":{"start":{"line":72,"column":0},"end":{"line":72,"column":null}},"2":{"start":{"line":80,"column":0},"end":{"line":87,"column":null}},"3":{"start":{"line":83,"column":0},"end":{"line":83,"column":null}},"4":{"start":{"line":86,"column":0},"end":{"line":86,"column":null}},"5":{"start":{"line":91,"column":0},"end":{"line":91,"column":null}},"6":{"start":{"line":92,"column":0},"end":{"line":92,"column":null}}},"fnMap":{"0":{"name":"(anonymous_1)","decl":{"start":{"line":71,"column":0},"end":{"line":71,"column":null}},"loc":{"start":{"line":71,"column":0},"end":{"line":78,"column":null}}},"1":{"name":"(anonymous_2)","decl":{"start":{"line":79,"column":0},"end":{"line":79,"column":null}},"loc":{"start":{"line":79,"column":0},"end":{"line":88,"column":null}}},"2":{"name":"(anonymous_3)","decl":{"start":{"line":80,"column":0},"end":{"line":80,"column":null}},"loc":{"start":{"line":80,"column":0},"end":{"line":84,"column":null}}},"3":{"name":"(anonymous_4)","decl":{"start":{"line":84,"column":0},"end":{"line":84,"column":null}},"loc":{"start":{"line":84,"column":0},"end":{"line":87,"column":null}}},"4":{"name":"(anonymous_5)","decl":{"start":{"line":90,"column":0},"end":{"line":90,"column":null}},"loc":{"start":{"line":90,"column":0},"end":{"line":93,"column":null}}}},"branchMap":{},"s":{"0":1,"1":4,"2":4,"3":4,"4":0,"5":2,"6":2},"f":{"0":4,"1":4,"2":4,"3":0,"4":2},"b":{}}
}
